This file contains any messages produced by compilers while
running configure, to aid debugging if configure makes a mistake.

It was created by configure, which was
generated by GNU Autoconf 2.67.  Invocation command line was

  $ configure -C --disable-ecl --disable-edp

## --------- ##
## Platform. ##
## --------- ##

hostname = precise64
uname -m = x86_64
uname -r = 3.2.0-23-generic
uname -s = Linux
uname -v = #36-Ubuntu SMP Tue Apr 10 20:39:51 UTC 2012

/usr/bin/uname -p = unknown
/bin/uname -X     = unknown

/bin/arch              = unknown
/usr/bin/arch -k       = unknown
/usr/convex/getsysinfo = unknown
/usr/bin/hostinfo      = unknown
/bin/machine           = unknown
/usr/bin/oslevel       = unknown
/bin/universe          = unknown

PATH: /usr/local/sbin
PATH: /usr/local/bin
PATH: /usr/sbin
PATH: /usr/bin
PATH: /sbin
PATH: /bin
PATH: /usr/games
PATH: /opt/vagrant_ruby/bin


## ----------- ##
## Core tests. ##
## ----------- ##

configure:2252: loading cache config.cache
configure:2392: checking location of source directory
configure:2395: result: "/vagrant/dtn-2.9.0"
configure:2400: checking location of build directory
configure:2402: result: "/vagrant/dtn-2.9.0"
configure:2491: checking for gcc
configure:2518: result: gcc
configure:2747: checking for C compiler version
configure:2756: gcc --version >&5
gcc (Ubuntu/Linaro 4.6.3-1ubuntu5) 4.6.3
Copyright (C) 2011 Free Software Foundation, Inc.
This is free software; see the source for copying conditions.  There is NO
warranty; not even for MERCHANTABILITY or FITNESS FOR A PARTICULAR PURPOSE.

configure:2767: $? = 0
configure:2756: gcc -v >&5
Using built-in specs.
COLLECT_GCC=gcc
COLLECT_LTO_WRAPPER=/usr/lib/gcc/x86_64-linux-gnu/4.6/lto-wrapper
Target: x86_64-linux-gnu
Configured with: ../src/configure -v --with-pkgversion='Ubuntu/Linaro 4.6.3-1ubuntu5' --with-bugurl=file:///usr/share/doc/gcc-4.6/README.Bugs --enable-languages=c,c++,fortran,objc,obj-c++ --prefix=/usr --program-suffix=-4.6 --enable-shared --enable-linker-build-id --with-system-zlib --libexecdir=/usr/lib --without-included-gettext --enable-threads=posix --with-gxx-include-dir=/usr/include/c++/4.6 --libdir=/usr/lib --enable-nls --with-sysroot=/ --enable-clocale=gnu --enable-libstdcxx-debug --enable-libstdcxx-time=yes --enable-gnu-unique-object --enable-plugin --enable-objc-gc --disable-werror --with-arch-32=i686 --with-tune=generic --enable-checking=release --build=x86_64-linux-gnu --host=x86_64-linux-gnu --target=x86_64-linux-gnu
Thread model: posix
gcc version 4.6.3 (Ubuntu/Linaro 4.6.3-1ubuntu5) 
configure:2767: $? = 0
configure:2756: gcc -V >&5
gcc: error: unrecognized option '-V'
gcc: fatal error: no input files
compilation terminated.
configure:2767: $? = 4
configure:2756: gcc -qversion >&5
gcc: error: unrecognized option '-qversion'
gcc: fatal error: no input files
compilation terminated.
configure:2767: $? = 4
configure:2787: checking whether the C compiler works
configure:2809: gcc    conftest.c  >&5
configure:2813: $? = 0
configure:2861: result: yes
configure:2864: checking for C compiler default output file name
configure:2866: result: a.out
configure:2872: checking for suffix of executables
configure:2879: gcc -o conftest    conftest.c  >&5
configure:2883: $? = 0
configure:2905: result: 
configure:2927: checking whether we are cross compiling
configure:2935: gcc -o conftest    conftest.c  >&5
configure:2939: $? = 0
configure:2946: ./conftest
configure:2950: $? = 0
configure:2965: result: no
configure:2970: checking for suffix of object files
configure:3017: result: o
configure:3021: checking whether we are using the GNU C compiler
configure:3049: result: yes
configure:3058: checking whether gcc accepts -g
configure:3119: result: yes
configure:3136: checking for gcc option to accept ISO C89
configure:3213: result: none needed
configure:3251: checking for an oasys installation (version 1.5 or better)
configure:3447: gcc -o conftest -g -O2 -I/vagrant/dtn-2.9.0/oasys/include   /vagrant/dtn-2.9.0/oasys/lib/liboasys-1.6.0.a conftest.c  >&5
configure:3447: $? = 0
configure:3449: result: ../oasys
configure:3577: checking how to run the C preprocessor
configure:3647: result: gcc -E
configure:3667: gcc -E  conftest.c
configure:3667: $? = 0
configure:3681: gcc -E  conftest.c
conftest.c:12:28: fatal error: ac_nonexistent.h: No such file or directory
compilation terminated.
configure:3681: $? = 1
configure: failed program was:
| /* confdefs.h */
| #define PACKAGE_NAME ""
| #define PACKAGE_TARNAME ""
| #define PACKAGE_VERSION ""
| #define PACKAGE_STRING ""
| #define PACKAGE_BUGREPORT ""
| #define PACKAGE_URL ""
| #define DTN_CONFIG_STATE 1
| #define INSTALL_SYSCONFDIR "/etc"
| #define INSTALL_LOCALSTATEDIR "/var"
| /* end confdefs.h.  */
| #include <ac_nonexistent.h>
configure:3710: checking for grep that handles long lines and -e
configure:3768: result: /bin/grep
configure:3773: checking for egrep
configure:3835: result: /bin/grep -E
configure:3840: checking for ANSI C header files
configure:3944: result: yes
configure:3957: checking for sys/types.h
configure:3957: result: yes
configure:3957: checking for sys/stat.h
configure:3957: result: yes
configure:3957: checking for stdlib.h
configure:3957: result: yes
configure:3957: checking for string.h
configure:3957: result: yes
configure:3957: checking for memory.h
configure:3957: result: yes
configure:3957: checking for strings.h
configure:3957: result: yes
configure:3957: checking for inttypes.h
configure:3957: result: yes
configure:3957: checking for stdint.h
configure:3957: result: yes
configure:3957: checking for unistd.h
configure:3957: result: yes
configure:3983: checking whether bonjour support should be enabled
configure:3992: result: try
configure:4004: checking searching for the bonjour library development headers
configure:4008: checking for dns_sd.h
configure:4008: result: no
configure:4015: result: bonjour header not found
configure:4021: checking for library containing DNSServiceRegister
configure:4069: result: no
configure:4076: result: function not found in bonjour library
configure:4098: checking whether bonjour support was found
configure:4108: result: no
configure:4143: checking whether to enable external convergence layer support
configure:4146: result: no
configure:4216: checking whether to enable external decision plane support
configure:4219: result: no
configure:4339: checking for g++
configure:4366: result: g++
configure:4393: checking for C++ compiler version
configure:4402: g++ --version >&5
g++ (Ubuntu/Linaro 4.6.3-1ubuntu5) 4.6.3
Copyright (C) 2011 Free Software Foundation, Inc.
This is free software; see the source for copying conditions.  There is NO
warranty; not even for MERCHANTABILITY or FITNESS FOR A PARTICULAR PURPOSE.

configure:4413: $? = 0
configure:4402: g++ -v >&5
Using built-in specs.
COLLECT_GCC=g++
COLLECT_LTO_WRAPPER=/usr/lib/gcc/x86_64-linux-gnu/4.6/lto-wrapper
Target: x86_64-linux-gnu
Configured with: ../src/configure -v --with-pkgversion='Ubuntu/Linaro 4.6.3-1ubuntu5' --with-bugurl=file:///usr/share/doc/gcc-4.6/README.Bugs --enable-languages=c,c++,fortran,objc,obj-c++ --prefix=/usr --program-suffix=-4.6 --enable-shared --enable-linker-build-id --with-system-zlib --libexecdir=/usr/lib --without-included-gettext --enable-threads=posix --with-gxx-include-dir=/usr/include/c++/4.6 --libdir=/usr/lib --enable-nls --with-sysroot=/ --enable-clocale=gnu --enable-libstdcxx-debug --enable-libstdcxx-time=yes --enable-gnu-unique-object --enable-plugin --enable-objc-gc --disable-werror --with-arch-32=i686 --with-tune=generic --enable-checking=release --build=x86_64-linux-gnu --host=x86_64-linux-gnu --target=x86_64-linux-gnu
Thread model: posix
gcc version 4.6.3 (Ubuntu/Linaro 4.6.3-1ubuntu5) 
configure:4413: $? = 0
configure:4402: g++ -V >&5
g++: error: unrecognized option '-V'
g++: fatal error: no input files
compilation terminated.
configure:4413: $? = 4
configure:4402: g++ -qversion >&5
g++: error: unrecognized option '-qversion'
g++: fatal error: no input files
compilation terminated.
configure:4413: $? = 4
configure:4417: checking whether we are using the GNU C++ compiler
configure:4445: result: yes
configure:4454: checking whether g++ accepts -g
configure:4515: result: yes
configure:4550: checking whether to enable NORM convergence layer support
configure:4554: result: no
configure:4661: checking whether to enable LTP convergence layer support
configure:4665: result: no
configure:4760: checking for --enable-scriptapis
configure:4772: result: no
configure:4789: checking whether odbc support should be enabled (needs ODBC version >= 3.51)
configure:4799: result: try
configure:4844: checking for ODBC in /usr/include, /usr/lib, -lodbc
configure:4866: g++ -o conftest -g -O2 -I/usr/include -L/usr/lib conftest.cpp -lodbc  >&5
conftest.cpp:23:46: fatal error: /usr/include/sql.h: No such file or directory
compilation terminated.
configure:4866: $? = 1
configure: failed program was:
| /* confdefs.h */
| #define PACKAGE_NAME ""
| #define PACKAGE_TARNAME ""
| #define PACKAGE_VERSION ""
| #define PACKAGE_STRING ""
| #define PACKAGE_BUGREPORT ""
| #define PACKAGE_URL ""
| #define DTN_CONFIG_STATE 1
| #define INSTALL_SYSCONFDIR "/etc"
| #define INSTALL_LOCALSTATEDIR "/var"
| #define STDC_HEADERS 1
| #define HAVE_SYS_TYPES_H 1
| #define HAVE_SYS_STAT_H 1
| #define HAVE_STDLIB_H 1
| #define HAVE_STRING_H 1
| #define HAVE_MEMORY_H 1
| #define HAVE_STRINGS_H 1
| #define HAVE_INTTYPES_H 1
| #define HAVE_STDINT_H 1
| #define HAVE_UNISTD_H 1
| /* end confdefs.h.  */
| 
|                 #include "/usr/include/sql.h"
|                 #include "/usr/include/sqlext.h"
|                 #include "/usr/include/sqltypes.h"
|                 #include "/usr/include/sqlucode.h"
| 
| int
| main ()
| {
| 
|                 SQLHENV henv;
|                 SQLAllocHandle( SQL_HANDLE_ENV, SQL_NULL_HANDLE, &henv );
|                 SQLFreeHandle( SQL_HANDLE_ENV, henv );
| 
|   ;
|   return 0;
| }
configure:4877: result: no
configure:4844: checking for ODBC in /usr/local/include, /usr/lib, -lodbc
configure:4866: g++ -o conftest -g -O2 -I/usr/local/include -L/usr/lib conftest.cpp -lodbc  >&5
conftest.cpp:23:52: fatal error: /usr/local/include/sql.h: No such file or directory
compilation terminated.
configure:4866: $? = 1
configure: failed program was:
| /* confdefs.h */
| #define PACKAGE_NAME ""
| #define PACKAGE_TARNAME ""
| #define PACKAGE_VERSION ""
| #define PACKAGE_STRING ""
| #define PACKAGE_BUGREPORT ""
| #define PACKAGE_URL ""
| #define DTN_CONFIG_STATE 1
| #define INSTALL_SYSCONFDIR "/etc"
| #define INSTALL_LOCALSTATEDIR "/var"
| #define STDC_HEADERS 1
| #define HAVE_SYS_TYPES_H 1
| #define HAVE_SYS_STAT_H 1
| #define HAVE_STDLIB_H 1
| #define HAVE_STRING_H 1
| #define HAVE_MEMORY_H 1
| #define HAVE_STRINGS_H 1
| #define HAVE_INTTYPES_H 1
| #define HAVE_STDINT_H 1
| #define HAVE_UNISTD_H 1
| /* end confdefs.h.  */
| 
|                 #include "/usr/local/include/sql.h"
|                 #include "/usr/local/include/sqlext.h"
|                 #include "/usr/local/include/sqltypes.h"
|                 #include "/usr/local/include/sqlucode.h"
| 
| int
| main ()
| {
| 
|                 SQLHENV henv;
|                 SQLAllocHandle( SQL_HANDLE_ENV, SQL_NULL_HANDLE, &henv );
|                 SQLFreeHandle( SQL_HANDLE_ENV, henv );
| 
|   ;
|   return 0;
| }
configure:4877: result: no
configure:4932: checking whether libodbc was found
configure:4938: result: no
configure:5022: checking how to run the C++ preprocessor
configure:5088: result: g++ -E
configure:5108: g++ -E  conftest.cpp
configure:5108: $? = 0
configure:5122: g++ -E  conftest.cpp
conftest.cpp:22:28: fatal error: ac_nonexistent.h: No such file or directory
compilation terminated.
configure:5122: $? = 1
configure: failed program was:
| /* confdefs.h */
| #define PACKAGE_NAME ""
| #define PACKAGE_TARNAME ""
| #define PACKAGE_VERSION ""
| #define PACKAGE_STRING ""
| #define PACKAGE_BUGREPORT ""
| #define PACKAGE_URL ""
| #define DTN_CONFIG_STATE 1
| #define INSTALL_SYSCONFDIR "/etc"
| #define INSTALL_LOCALSTATEDIR "/var"
| #define STDC_HEADERS 1
| #define HAVE_SYS_TYPES_H 1
| #define HAVE_SYS_STAT_H 1
| #define HAVE_STDLIB_H 1
| #define HAVE_STRING_H 1
| #define HAVE_MEMORY_H 1
| #define HAVE_STRINGS_H 1
| #define HAVE_INTTYPES_H 1
| #define HAVE_STDINT_H 1
| #define HAVE_UNISTD_H 1
| /* end confdefs.h.  */
| #include <ac_nonexistent.h>
configure:5400: checking for a C compiler (trying gcc)
configure:5402: result: 
configure:5516: checking for C compiler version
configure:5525: gcc --version >&5
gcc (Ubuntu/Linaro 4.6.3-1ubuntu5) 4.6.3
Copyright (C) 2011 Free Software Foundation, Inc.
This is free software; see the source for copying conditions.  There is NO
warranty; not even for MERCHANTABILITY or FITNESS FOR A PARTICULAR PURPOSE.

configure:5536: $? = 0
configure:5525: gcc -v >&5
Using built-in specs.
COLLECT_GCC=gcc
COLLECT_LTO_WRAPPER=/usr/lib/gcc/x86_64-linux-gnu/4.6/lto-wrapper
Target: x86_64-linux-gnu
Configured with: ../src/configure -v --with-pkgversion='Ubuntu/Linaro 4.6.3-1ubuntu5' --with-bugurl=file:///usr/share/doc/gcc-4.6/README.Bugs --enable-languages=c,c++,fortran,objc,obj-c++ --prefix=/usr --program-suffix=-4.6 --enable-shared --enable-linker-build-id --with-system-zlib --libexecdir=/usr/lib --without-included-gettext --enable-threads=posix --with-gxx-include-dir=/usr/include/c++/4.6 --libdir=/usr/lib --enable-nls --with-sysroot=/ --enable-clocale=gnu --enable-libstdcxx-debug --enable-libstdcxx-time=yes --enable-gnu-unique-object --enable-plugin --enable-objc-gc --disable-werror --with-arch-32=i686 --with-tune=generic --enable-checking=release --build=x86_64-linux-gnu --host=x86_64-linux-gnu --target=x86_64-linux-gnu
Thread model: posix
gcc version 4.6.3 (Ubuntu/Linaro 4.6.3-1ubuntu5) 
configure:5536: $? = 0
configure:5525: gcc -V >&5
gcc: error: unrecognized option '-V'
gcc: fatal error: no input files
compilation terminated.
configure:5536: $? = 4
configure:5525: gcc -qversion >&5
gcc: error: unrecognized option '-qversion'
gcc: fatal error: no input files
compilation terminated.
configure:5536: $? = 4
configure:5540: checking whether we are using the GNU C compiler
configure:5568: result: yes
configure:5577: checking whether gcc accepts -g
configure:5638: result: yes
configure:5655: checking for gcc option to accept ISO C89
configure:5732: result: none needed
configure:5753: checking for a C++ compiler (trying g++)
configure:5755: result: 
configure:5869: checking for C++ compiler version
configure:5878: g++ --version >&5
g++ (Ubuntu/Linaro 4.6.3-1ubuntu5) 4.6.3
Copyright (C) 2011 Free Software Foundation, Inc.
This is free software; see the source for copying conditions.  There is NO
warranty; not even for MERCHANTABILITY or FITNESS FOR A PARTICULAR PURPOSE.

configure:5889: $? = 0
configure:5878: g++ -v >&5
Using built-in specs.
COLLECT_GCC=g++
COLLECT_LTO_WRAPPER=/usr/lib/gcc/x86_64-linux-gnu/4.6/lto-wrapper
Target: x86_64-linux-gnu
Configured with: ../src/configure -v --with-pkgversion='Ubuntu/Linaro 4.6.3-1ubuntu5' --with-bugurl=file:///usr/share/doc/gcc-4.6/README.Bugs --enable-languages=c,c++,fortran,objc,obj-c++ --prefix=/usr --program-suffix=-4.6 --enable-shared --enable-linker-build-id --with-system-zlib --libexecdir=/usr/lib --without-included-gettext --enable-threads=posix --with-gxx-include-dir=/usr/include/c++/4.6 --libdir=/usr/lib --enable-nls --with-sysroot=/ --enable-clocale=gnu --enable-libstdcxx-debug --enable-libstdcxx-time=yes --enable-gnu-unique-object --enable-plugin --enable-objc-gc --disable-werror --with-arch-32=i686 --with-tune=generic --enable-checking=release --build=x86_64-linux-gnu --host=x86_64-linux-gnu --target=x86_64-linux-gnu
Thread model: posix
gcc version 4.6.3 (Ubuntu/Linaro 4.6.3-1ubuntu5) 
configure:5889: $? = 0
configure:5878: g++ -V >&5
g++: error: unrecognized option '-V'
g++: fatal error: no input files
compilation terminated.
configure:5889: $? = 4
configure:5878: g++ -qversion >&5
g++: error: unrecognized option '-qversion'
g++: fatal error: no input files
compilation terminated.
configure:5889: $? = 4
configure:5893: checking whether we are using the GNU C++ compiler
configure:5921: result: yes
configure:5930: checking whether g++ accepts -g
configure:5991: result: yes
configure:6015: checking whether the C++ compiler works
configure:6034: g++ -o conftest -g -O2   conftest.cpp  >&5
configure:6034: $? = 0
configure:6035: result: yes
configure:6059: checking how to run the C preprocessor
configure:6129: result: gcc -E
configure:6149: gcc -E  conftest.c
configure:6149: $? = 0
configure:6163: gcc -E  conftest.c
conftest.c:22:28: fatal error: ac_nonexistent.h: No such file or directory
compilation terminated.
configure:6163: $? = 1
configure: failed program was:
| /* confdefs.h */
| #define PACKAGE_NAME ""
| #define PACKAGE_TARNAME ""
| #define PACKAGE_VERSION ""
| #define PACKAGE_STRING ""
| #define PACKAGE_BUGREPORT ""
| #define PACKAGE_URL ""
| #define DTN_CONFIG_STATE 1
| #define INSTALL_SYSCONFDIR "/etc"
| #define INSTALL_LOCALSTATEDIR "/var"
| #define STDC_HEADERS 1
| #define HAVE_SYS_TYPES_H 1
| #define HAVE_SYS_STAT_H 1
| #define HAVE_STDLIB_H 1
| #define HAVE_STRING_H 1
| #define HAVE_MEMORY_H 1
| #define HAVE_STRINGS_H 1
| #define HAVE_INTTYPES_H 1
| #define HAVE_STDINT_H 1
| #define HAVE_UNISTD_H 1
| /* end confdefs.h.  */
| #include <ac_nonexistent.h>
configure:6192: checking for the version of the GNU C compiler
configure:6201: result: 4.8
configure:6204: checking for the version of the GNU C++ compiler
configure:6213: result: 4.8
configure:6299: checking for ar
configure:6326: result: ar
configure:6391: checking for ranlib
configure:6418: result: ranlib
configure:6454: checking whether to compile with debugging
configure:6456: result: yes
configure:6475: checking whether to compile with memory debugging
configure:6477: result: no
configure:6496: checking whether to compile with lock debugging (default yes)
configure:6498: result: yes
configure:6518: checking whether to compile with optimization
configure:6520: result: no
configure:6541: checking whether to compile with profiling
configure:6543: result: no
configure:6560: checking whether to link statically
configure:6562: result: no
configure:6573: checking whether to link using static external libraries
configure:6575: result: no
configure:6587: checking whether to try to build shared libraries
configure:6602: result: yes
configure:6613: checking whether the compiler supports -fPIC
configure:6619: g++ -c -g -O2  conftest.cpp >&5
configure:6619: $? = 0
configure:6625: result: yes
configure:6631: checking whether the compiler can link a dynamic library with -shared
configure:6638: g++ -o conftest -g -O2  -shared  conftest.cpp  >&5
configure:6638: $? = 0
configure:6645: result: yes
configure:6653: checking extension for dynamic libraries
configure:6665: result: so
configure:6668: checking if the compiler supports -Wl,--rpath=.
configure:6675: g++ -o conftest -g -O2  -shared  -Wl,-rpath=/foo conftest.cpp  >&5
configure:6675: $? = 0
configure:6682: result: yes
configure:6859: creating ./config.status

## ---------------------- ##
## Running config.status. ##
## ---------------------- ##

This file was extended by config.status, which was
generated by GNU Autoconf 2.67.  Invocation command line was

  CONFIG_FILES    = 
  CONFIG_HEADERS  = 
  CONFIG_LINKS    = 
  CONFIG_COMMANDS = 
  $ ./config.status 

on precise64

config.status:854: creating Rules.make
config.status:854: creating System.make
config.status:854: creating dtn-config.h
config.status:1023: dtn-config.h is unchanged

## ---------------- ##
## Cache variables. ##
## ---------------- ##

ac_cv_c_compiler_gnu=yes
ac_cv_cxx_compiler_gnu=yes
ac_cv_env_CCC_set=
ac_cv_env_CCC_value=
ac_cv_env_CC_set=
ac_cv_env_CC_value=
ac_cv_env_CFLAGS_set=
ac_cv_env_CFLAGS_value=
ac_cv_env_CPPFLAGS_set=
ac_cv_env_CPPFLAGS_value=
ac_cv_env_CPP_set=
ac_cv_env_CPP_value=
ac_cv_env_CXXCPP_set=
ac_cv_env_CXXCPP_value=
ac_cv_env_CXXFLAGS_set=
ac_cv_env_CXXFLAGS_value=
ac_cv_env_CXX_set=
ac_cv_env_CXX_value=
ac_cv_env_LDFLAGS_set=
ac_cv_env_LDFLAGS_value=
ac_cv_env_LIBS_set=
ac_cv_env_LIBS_value=
ac_cv_env_build_alias_set=
ac_cv_env_build_alias_value=
ac_cv_env_host_alias_set=
ac_cv_env_host_alias_value=
ac_cv_env_target_alias_set=
ac_cv_env_target_alias_value=
ac_cv_header_dns_sd_h=no
ac_cv_header_inttypes_h=yes
ac_cv_header_memory_h=yes
ac_cv_header_stdc=yes
ac_cv_header_stdint_h=yes
ac_cv_header_stdlib_h=yes
ac_cv_header_string_h=yes
ac_cv_header_strings_h=yes
ac_cv_header_sys_stat_h=yes
ac_cv_header_sys_types_h=yes
ac_cv_header_unistd_h=yes
ac_cv_objext=o
ac_cv_path_EGREP='/bin/grep -E'
ac_cv_path_GREP=/bin/grep
ac_cv_prog_CPP='gcc -E'
ac_cv_prog_CXXCPP='g++ -E'
ac_cv_prog_ac_ct_AR=ar
ac_cv_prog_ac_ct_CC=gcc
ac_cv_prog_ac_ct_CXX=g++
ac_cv_prog_ac_ct_RANLIB=ranlib
ac_cv_prog_cc_c89=
ac_cv_prog_cc_g=yes
ac_cv_prog_cxx_g=yes
ac_cv_search_DNSServiceRegister=no
oasys_cv_lib_odbc=
oasys_cv_path_odbc_h=
oasys_cv_path_odbc_lib=
oasys_cv_prog_gccver=4.8
oasys_cv_prog_gxxver=4.8

## ----------------- ##
## Output variables. ##
## ----------------- ##

AR='ar'
BUILDDIR='/vagrant/dtn-2.9.0'
BUILD_SYSTEM='Linux'
CC='gcc'
CFLAGS='-g -O2'
CPP='gcc -E'
CPPFLAGS=''
CXX='g++'
CXXCPP='g++ -E'
CXXFLAGS='-g -O2'
DEBUG='-g -fno-inline'
DEFS='-DHAVE_CONFIG_H'
DEPFLAGS='-MMD -MP -MT "$*.o $*.E"'
ECHO_C=''
ECHO_N='-n'
ECHO_T=''
EGREP='/bin/grep -E'
ENABLE_SCRIPT_APIS=''
EXEEXT=''
EXTLIB_CFLAGS=''
EXTLIB_LDFLAGS=''
EXTRA_CFLAGS=''
EXTRA_LDFLAGS=''
GREP='/bin/grep'
INCFLAGS='-I$(OASYS_INCDIR)/oasys/ext -I$(SRCDIR)/servlib'
LDFLAGS=''
LDFLAGS_SHLIB='-shared -fPIC -DPIC'
LIBOBJS=''
LIBS=''
LTLIBOBJS=''
OASYS_COMPAT_LDFLAGS='/vagrant/dtn-2.9.0/oasys/lib/liboasyscompat-1.6.0.a'
OASYS_ETCDIR='/vagrant/dtn-2.9.0/oasys/share'
OASYS_INCDIR='/vagrant/dtn-2.9.0/oasys/include'
OASYS_LDFLAGS='/vagrant/dtn-2.9.0/oasys/lib/liboasys-1.6.0.a'
OASYS_LDFLAGS_STATIC='/vagrant/dtn-2.9.0/oasys/lib/liboasys-1.6.0.a'
OASYS_LIBDIR='/vagrant/dtn-2.9.0/oasys/lib'
OASYS_VERSION='1.6.0'
OBJEXT='o'
OPTIMIZE=''
OPTIMIZE_WARN=''
PACKAGE_BUGREPORT=''
PACKAGE_NAME=''
PACKAGE_STRING=''
PACKAGE_TARNAME=''
PACKAGE_URL=''
PACKAGE_VERSION=''
PATH_SEPARATOR=':'
PICFLAGS='-fPIC -DPIC'
PROFILE=''
RANLIB='ranlib'
RPATH='-Wl,-rpath=. -Wl,-rpath=$(prefix)/lib'
SHELL='/bin/bash'
SHLIBS='yes'
SHLIB_EXT='so'
SRCDIR='/vagrant/dtn-2.9.0'
STATIC='no'
SYS_EXTLIB_CFLAGS=''
SYS_EXTLIB_LDFLAGS=''
TARGET='native'
ac_ct_CC='gcc'
ac_ct_CXX='g++'
bindir='${exec_prefix}/bin'
build_alias=''
datadir='${datarootdir}'
datarootdir='${prefix}/share'
docdir='${datarootdir}/doc/${PACKAGE}'
dvidir='${docdir}'
exec_prefix='${prefix}'
host_alias=''
htmldir='${docdir}'
includedir='${prefix}/include'
infodir='${datarootdir}/info'
libdir='${exec_prefix}/lib'
libexecdir='${exec_prefix}/libexec'
localedir='${datarootdir}/locale'
localstatedir='/var'
mandir='${datarootdir}/man'
oldincludedir='/usr/include'
pdfdir='${docdir}'
prefix='/usr'
program_transform_name='s,x,x,'
psdir='${docdir}'
sbindir='${exec_prefix}/sbin'
sharedstatedir='${prefix}/com'
sysconfdir='/etc'
target_alias=''

## ----------- ##
## confdefs.h. ##
## ----------- ##

/* confdefs.h */
#define PACKAGE_NAME ""
#define PACKAGE_TARNAME ""
#define PACKAGE_VERSION ""
#define PACKAGE_STRING ""
#define PACKAGE_BUGREPORT ""
#define PACKAGE_URL ""
#define DTN_CONFIG_STATE 1
#define INSTALL_SYSCONFDIR "/etc"
#define INSTALL_LOCALSTATEDIR "/var"
#define STDC_HEADERS 1
#define HAVE_SYS_TYPES_H 1
#define HAVE_SYS_STAT_H 1
#define HAVE_STDLIB_H 1
#define HAVE_STRING_H 1
#define HAVE_MEMORY_H 1
#define HAVE_STRINGS_H 1
#define HAVE_INTTYPES_H 1
#define HAVE_STDINT_H 1
#define HAVE_UNISTD_H 1
#define OASYS_DEBUG_LOCKING_ENABLED 1

configure: exit 0
